<?xml version="1.0" encoding="UTF-8"?>
<!-- Generated by org.testng.reporters.JUnitReportReporter -->
<testsuite hostname="SACHIN" failures="0" tests="1" name="com.cyient.test.LoginTest" time="54.117" errors="0" timestamp="2021-06-09T02:08:42 IST" skipped="0">
  <testcase classname="com.cyient.test.LoginTest" name="signupTest" time="54.117"/>
  <system-out/>
</testsuite> <!-- com.cyient.test.LoginTest -->
