<?xml version="1.0" encoding="UTF-8"?>
<!-- Generated by org.testng.reporters.JUnitReportReporter -->
<testsuite hostname="SACHIN" failures="0" tests="1" name="com.cyient.test.FindACrusisesTest" time="37.288" errors="0" timestamp="2021-06-09T02:10:32 IST" skipped="0">
  <testcase classname="com.cyient.test.FindACrusisesTest" name="invalidCredentialTest" time="37.288"/>
  <system-out/>
</testsuite> <!-- com.cyient.test.FindACrusisesTest -->
